<?xml version="1.0" encoding="UTF-8"?>
<testng-results skipped="0" failed="0" total="1" passed="1">
  <reporter-output>
  </reporter-output>
  <suite name="Default suite" duration-ms="74614" started-at="2017-12-14T10:41:35Z" finished-at="2017-12-14T10:42:50Z">
    <groups>
    </groups>
    <test name="Default test" duration-ms="74614" started-at="2017-12-14T10:41:35Z" finished-at="2017-12-14T10:42:50Z">
      <class name="reports.Extent_Reports">
        <test-method status="PASS" signature="extent()[pri:0, instance:reports.Extent_Reports@159f197]" name="extent" duration-ms="74252" started-at="2017-12-14T16:11:35Z" finished-at="2017-12-14T16:12:49Z">
          <reporter-output>
          </reporter-output>
        </test-method> <!-- extent -->
        <test-method status="PASS" signature="tearDown()[pri:0, instance:reports.Extent_Reports@159f197]" name="tearDown" is-config="true" duration-ms="229" started-at="2017-12-14T16:12:50Z" finished-at="2017-12-14T16:12:50Z">
          <reporter-output>
          </reporter-output>
        </test-method> <!-- tearDown -->
      </class> <!-- reports.Extent_Reports -->
    </test> <!-- Default test -->
  </suite> <!-- Default suite -->
</testng-results>
