<?xml version="1.0" encoding="UTF-8"?>
<testng-results skipped="0" failed="0" total="1" passed="1">
  <reporter-output>
  </reporter-output>
  <suite name="Default suite" duration-ms="37171" started-at="2017-10-12T12:27:29Z" finished-at="2017-10-12T12:28:06Z">
    <groups>
    </groups>
    <test name="Default test" duration-ms="37171" started-at="2017-10-12T12:27:29Z" finished-at="2017-10-12T12:28:06Z">
      <class name="reports.Extent_Reports">
        <test-method status="PASS" signature="extent()[pri:0, instance:reports.Extent_Reports@9629756]" name="extent" duration-ms="37057" started-at="2017-10-12T17:57:29Z" finished-at="2017-10-12T17:58:06Z">
          <reporter-output>
          </reporter-output>
        </test-method> <!-- extent -->
        <test-method status="PASS" signature="tearDown()[pri:0, instance:reports.Extent_Reports@9629756]" name="tearDown" is-config="true" duration-ms="62" started-at="2017-10-12T17:58:06Z" finished-at="2017-10-12T17:58:06Z">
          <reporter-output>
          </reporter-output>
        </test-method> <!-- tearDown -->
      </class> <!-- reports.Extent_Reports -->
    </test> <!-- Default test -->
  </suite> <!-- Default suite -->
</testng-results>
